{
  "stats": {
    "suites": 4,
    "tests": 31,
    "passes": 31,
    "pending": 0,
    "failures": 0,
    "start": "2026-06-15T06:57:07.390Z",
    "end": "2026-06-15T06:57:07.709Z",
    "duration": 319,
    "testsRegistered": 31,
    "passPercent": 100,
    "pendingPercent": 0,
    "other": 0,
    "hasOther": false,
    "skipped": 0,
    "hasSkipped": false
  },
  "results": [
    {
      "uuid": "04e13165-8751-4d91-a8fb-4389b2c34de7",
      "title": "",
      "fullFile": "",
      "file": "",
      "beforeHooks": [
        {
          "title": "\"before all\" hook in \"{root}\"",
          "fullTitle": "\"before all\" hook in \"{root}\"",
          "timedOut": false,
          "duration": 10,
          "state": null,
          "speed": null,
          "pass": false,
          "fail": false,
          "pending": false,
          "context": null,
          "code": "executionStartTime = Date.now();\nlogger.info('Starting test suite...');",
          "err": {},
          "uuid": "8a71ff6e-0be9-425c-9852-1f65d536ba52",
          "parentUUID": "04e13165-8751-4d91-a8fb-4389b2c34de7",
          "isHook": true,
          "skipped": false
        },
        {
          "title": "\"before each\" hook in \"{root}\"",
          "fullTitle": "\"before each\" hook in \"{root}\"",
          "timedOut": false,
          "duration": 0,
          "state": null,
          "speed": null,
          "pass": false,
          "fail": false,
          "pending": false,
          "context": null,
          "code": "driver = await DriverFactory.initDriver();\nglobal.driver = driver;\ntotalTests++;",
          "err": {},
          "uuid": "bb86eb20-b3a1-43d7-a3bb-55d67b074f5d",
          "parentUUID": "04e13165-8751-4d91-a8fb-4389b2c34de7",
          "isHook": true,
          "skipped": false
        }
      ],
      "afterHooks": [
        {
          "title": "\"after all\" hook in \"{root}\"",
          "fullTitle": "\"after all\" hook in \"{root}\"",
          "timedOut": false,
          "duration": 119,
          "state": null,
          "speed": null,
          "pass": false,
          "fail": false,
          "pending": false,
          "context": null,
          "code": "const totalDurationMs = Date.now() - executionStartTime;\n\nawait excelReportGenerator.addSummary({\n    date: new Date().toISOString(),\n    device: 'Android Devices',\n    version: '10+',\n    total: totalTests,\n    passed: passedTests,\n    failed: failedTests,\n    skipped: skippedTests,\n    passPercent: totalTests > 0 ? `${((passedTests / totalTests) * 100).toFixed(2)}%` : '0%',\n    duration: `${Math.round(totalDurationMs / 1000)}s`\n});\nawait excelReportGenerator.save();\nlogger.info('Test suite completed. Reports generated.');",
          "err": {},
          "uuid": "16016b1d-0814-4d66-978c-c5e442212afe",
          "parentUUID": "04e13165-8751-4d91-a8fb-4389b2c34de7",
          "isHook": true,
          "skipped": false
        },
        {
          "title": "\"after each\" hook in \"{root}\"",
          "fullTitle": "\"after each\" hook in \"{root}\"",
          "timedOut": false,
          "duration": 2,
          "state": null,
          "speed": null,
          "pass": false,
          "fail": false,
          "pending": false,
          "context": null,
          "code": "const testStatus = this.currentTest.state;\nconst testName = this.currentTest.title;\nconst duration = this.currentTest.duration || 0;\nif (testStatus === 'passed') {\n    passedTests++;\n} else if (testStatus === 'failed') {\n    failedTests++;\n    logger.error(`Test failed: ${testName}`);\n    const screenshotPath = await Helper.takeScreenshot(driver, testName);\n    const logcatPath = await Helper.captureLogcat(driver, testName);\n    \n    await excelReportGenerator.addFailedTest({\n        testName: testName,\n        reason: this.currentTest.err.message,\n        screenshot: screenshotPath,\n        device: 'Emulator/Device',\n        version: 'Android',\n        activity: 'Unknown'\n    });\n} else {\n    skippedTests++;\n}\nawait excelReportGenerator.addTestCase({\n    id: `TC-${totalTests}`,\n    module: this.currentTest.parent.title,\n    scenario: testName,\n    device: 'Android Device',\n    status: testStatus ? testStatus.toUpperCase() : 'SKIPPED',\n    start: new Date(Date.now() - duration).toISOString(),\n    end: new Date().toISOString(),\n    duration: `${duration}ms`\n});\nawait DriverFactory.quitDriver(driver);",
          "err": {},
          "uuid": "9b2052f6-da42-4d99-a623-a4f8e085b64f",
          "parentUUID": "04e13165-8751-4d91-a8fb-4389b2c34de7",
          "isHook": true,
          "skipped": false
        }
      ],
      "tests": [],
      "suites": [
        {
          "uuid": "e82280ac-2489-4587-92ac-a382066a1ac5",
          "title": "Form Validation Testing",
          "fullFile": "C:\\Users\\HP\\Downloads\\localseva\\mobile-e2e-framework\\tests\\formValidation.test.js",
          "file": "\\tests\\formValidation.test.js",
          "beforeHooks": [
            {
              "title": "\"before each\" hook in \"Form Validation Testing\"",
              "fullTitle": "Form Validation Testing \"before each\" hook in \"Form Validation Testing\"",
              "timedOut": false,
              "duration": 0,
              "state": null,
              "speed": null,
              "pass": false,
              "fail": false,
              "pending": false,
              "context": null,
              "code": "basePage = new BasePage(global.driver);",
              "err": {},
              "uuid": "1e12466e-3b96-422f-ad41-e8fc0820d841",
              "parentUUID": "e82280ac-2489-4587-92ac-a382066a1ac5",
              "isHook": true,
              "skipped": false
            }
          ],
          "afterHooks": [],
          "tests": [
            {
              "title": "Validate Required Fields Error",
              "fullTitle": "Form Validation Testing Validate Required Fields Error",
              "timedOut": false,
              "duration": 5,
              "state": "passed",
              "speed": "fast",
              "pass": true,
              "fail": false,
              "pending": false,
              "context": null,
              "code": "await basePage.click('~submit_button');\nconst text = await basePage.getText('~error_msg');\nexpect(text).to.include('Username is required');",
              "err": {},
              "uuid": "1a7c2079-5906-4de8-87a9-b0eca8ad4a1d",
              "parentUUID": "e82280ac-2489-4587-92ac-a382066a1ac5",
              "isHook": false,
              "skipped": false
            },
            {
              "title": "Validate Invalid Email Format",
              "fullTitle": "Form Validation Testing Validate Invalid Email Format",
              "timedOut": false,
              "duration": 3,
              "state": "passed",
              "speed": "fast",
              "pass": true,
              "fail": false,
              "pending": false,
              "context": null,
              "code": "await basePage.setValue('~email_input', 'invalid-email');\nconst text = await basePage.getText('~error_msg');\nexpect(text).to.include('Invalid email');",
              "err": {},
              "uuid": "56a9a4a8-ee0f-4ec0-8746-4b3a51836a07",
              "parentUUID": "e82280ac-2489-4587-92ac-a382066a1ac5",
              "isHook": false,
              "skipped": false
            },
            {
              "title": "Validate Valid Email Accepted",
              "fullTitle": "Form Validation Testing Validate Valid Email Accepted",
              "timedOut": false,
              "duration": 3,
              "state": "passed",
              "speed": "fast",
              "pass": true,
              "fail": false,
              "pending": false,
              "context": null,
              "code": "await basePage.setValue('~email_input', 'test@example.com');\nconst text = await basePage.getText('~success_msg');\nexpect(text).to.include('Valid email accepted');",
              "err": {},
              "uuid": "e3d0b72a-bc92-489a-ac42-36c57c208397",
              "parentUUID": "e82280ac-2489-4587-92ac-a382066a1ac5",
              "isHook": false,
              "skipped": false
            },
            {
              "title": "Validate Phone Number Length",
              "fullTitle": "Form Validation Testing Validate Phone Number Length",
              "timedOut": false,
              "duration": 1,
              "state": "passed",
              "speed": "fast",
              "pass": true,
              "fail": false,
              "pending": false,
              "context": null,
              "code": "await basePage.setValue('~phone_input', '123');\nconst text = await basePage.getText('~error_msg');\nexpect(text).to.include('Invalid phone number');",
              "err": {},
              "uuid": "9765f1fb-3c41-4f9a-8339-48055c04fd5e",
              "parentUUID": "e82280ac-2489-4587-92ac-a382066a1ac5",
              "isHook": false,
              "skipped": false
            },
            {
              "title": "Validate Password Complexity",
              "fullTitle": "Form Validation Testing Validate Password Complexity",
              "timedOut": false,
              "duration": 1,
              "state": "passed",
              "speed": "fast",
              "pass": true,
              "fail": false,
              "pending": false,
              "context": null,
              "code": "await basePage.setValue('~password_input', 'password');\nconst text = await basePage.getText('~error_msg');\nexpect(text).to.include('Password must contain a number');",
              "err": {},
              "uuid": "e7cce64d-e538-472e-bf6f-20ca422300db",
              "parentUUID": "e82280ac-2489-4587-92ac-a382066a1ac5",
              "isHook": false,
              "skipped": false
            },
            {
              "title": "Validate Maximum Length",
              "fullTitle": "Form Validation Testing Validate Maximum Length",
              "timedOut": false,
              "duration": 2,
              "state": "passed",
              "speed": "fast",
              "pass": true,
              "fail": false,
              "pending": false,
              "context": null,
              "code": "await basePage.setValue('~username_input', 'thisisaverylongusernamethatexceedsmaxlength');\nconst text = await basePage.getText('~error_msg');\nexpect(text).to.include('Max length exceeded');",
              "err": {},
              "uuid": "8b426e6e-6753-4ed8-97a5-320e7c4e85f0",
              "parentUUID": "e82280ac-2489-4587-92ac-a382066a1ac5",
              "isHook": false,
              "skipped": false
            },
            {
              "title": "Validate Date Field Required",
              "fullTitle": "Form Validation Testing Validate Date Field Required",
              "timedOut": false,
              "duration": 3,
              "state": "passed",
              "speed": "fast",
              "pass": true,
              "fail": false,
              "pending": false,
              "context": null,
              "code": "await basePage.click('~submit_button');\nconst text = await basePage.getText('~date_error');\nexpect(text).to.include('Date is required');",
              "err": {},
              "uuid": "64935fce-8ee9-4554-b14a-a0a478b1c7d9",
              "parentUUID": "e82280ac-2489-4587-92ac-a382066a1ac5",
              "isHook": false,
              "skipped": false
            }
          ],
          "suites": [],
          "passes": [
            "1a7c2079-5906-4de8-87a9-b0eca8ad4a1d",
            "56a9a4a8-ee0f-4ec0-8746-4b3a51836a07",
            "e3d0b72a-bc92-489a-ac42-36c57c208397",
            "9765f1fb-3c41-4f9a-8339-48055c04fd5e",
            "e7cce64d-e538-472e-bf6f-20ca422300db",
            "8b426e6e-6753-4ed8-97a5-320e7c4e85f0",
            "64935fce-8ee9-4554-b14a-a0a478b1c7d9"
          ],
          "failures": [],
          "pending": [],
          "skipped": [],
          "duration": 18,
          "root": false,
          "rootEmpty": false,
          "_timeout": 60000
        },
        {
          "uuid": "df7b7281-36db-4b57-b448-d734d440635a",
          "title": "Authentication Testing",
          "fullFile": "C:\\Users\\HP\\Downloads\\localseva\\mobile-e2e-framework\\tests\\login.test.js",
          "file": "\\tests\\login.test.js",
          "beforeHooks": [
            {
              "title": "\"before each\" hook in \"Authentication Testing\"",
              "fullTitle": "Authentication Testing \"before each\" hook in \"Authentication Testing\"",
              "timedOut": false,
              "duration": 0,
              "state": null,
              "speed": null,
              "pass": false,
              "fail": false,
              "pending": false,
              "context": null,
              "code": "loginPage = new LoginPage(global.driver);\ndashboardPage = new DashboardPage(global.driver);",
              "err": {},
              "uuid": "0e996f7f-35f9-4eff-9201-6ab6b12c90c3",
              "parentUUID": "df7b7281-36db-4b57-b448-d734d440635a",
              "isHook": true,
              "skipped": false
            }
          ],
          "afterHooks": [],
          "tests": [
            {
              "title": "Validate empty username",
              "fullTitle": "Authentication Testing Validate empty username",
              "timedOut": false,
              "duration": 3,
              "state": "passed",
              "speed": "fast",
              "pass": true,
              "fail": false,
              "pending": false,
              "context": null,
              "code": "await loginPage.login('', 'password123');\nconst error = await loginPage.getErrorText();\nexpect(error).to.include('Username is required');",
              "err": {},
              "uuid": "c64cb341-ab51-4442-bc6e-0ee1f0e3eac1",
              "parentUUID": "df7b7281-36db-4b57-b448-d734d440635a",
              "isHook": false,
              "skipped": false
            },
            {
              "title": "Validate empty password",
              "fullTitle": "Authentication Testing Validate empty password",
              "timedOut": false,
              "duration": 2,
              "state": "passed",
              "speed": "fast",
              "pass": true,
              "fail": false,
              "pending": false,
              "context": null,
              "code": "await loginPage.login('testuser', '');\nconst error = await loginPage.getErrorText();\nexpect(error).to.include('Password is required');",
              "err": {},
              "uuid": "d7fc974b-1b59-4358-a99f-691914781dd0",
              "parentUUID": "df7b7281-36db-4b57-b448-d734d440635a",
              "isHook": false,
              "skipped": false
            },
            {
              "title": "Validate invalid credentials",
              "fullTitle": "Authentication Testing Validate invalid credentials",
              "timedOut": false,
              "duration": 5,
              "state": "passed",
              "speed": "fast",
              "pass": true,
              "fail": false,
              "pending": false,
              "context": null,
              "code": "await loginPage.login('invalidUser', 'wrongPass');\nconst error = await loginPage.getErrorText();\nexpect(error).to.include('Invalid credentials');",
              "err": {},
              "uuid": "029e6b29-c929-4ed8-8639-4152b9219a92",
              "parentUUID": "df7b7281-36db-4b57-b448-d734d440635a",
              "isHook": false,
              "skipped": false
            },
            {
              "title": "Validate successful login",
              "fullTitle": "Authentication Testing Validate successful login",
              "timedOut": false,
              "duration": 5,
              "state": "passed",
              "speed": "fast",
              "pass": true,
              "fail": false,
              "pending": false,
              "context": null,
              "code": "await loginPage.login('validUser', 'validPass');\nconst welcomeMsg = await dashboardPage.getWelcomeMessage();\nexpect(welcomeMsg).to.include('Welcome');",
              "err": {},
              "uuid": "ac9f7c99-2764-48db-b0b5-5f09c88e2ddf",
              "parentUUID": "df7b7281-36db-4b57-b448-d734d440635a",
              "isHook": false,
              "skipped": false
            },
            {
              "title": "Validate logout functionality",
              "fullTitle": "Authentication Testing Validate logout functionality",
              "timedOut": false,
              "duration": 2,
              "state": "passed",
              "speed": "fast",
              "pass": true,
              "fail": false,
              "pending": false,
              "context": null,
              "code": "await loginPage.login('validUser', 'validPass');\nawait dashboardPage.logout();\nawait loginPage.waitForDisplayed(loginPage.loginButton, 5000);",
              "err": {},
              "uuid": "c2e0be9b-1fff-46b9-94f7-9c58ddbf8524",
              "parentUUID": "df7b7281-36db-4b57-b448-d734d440635a",
              "isHook": false,
              "skipped": false
            }
          ],
          "suites": [],
          "passes": [
            "c64cb341-ab51-4442-bc6e-0ee1f0e3eac1",
            "d7fc974b-1b59-4358-a99f-691914781dd0",
            "029e6b29-c929-4ed8-8639-4152b9219a92",
            "ac9f7c99-2764-48db-b0b5-5f09c88e2ddf",
            "c2e0be9b-1fff-46b9-94f7-9c58ddbf8524"
          ],
          "failures": [],
          "pending": [],
          "skipped": [],
          "duration": 17,
          "root": false,
          "rootEmpty": false,
          "_timeout": 60000
        },
        {
          "uuid": "86e1ebf0-4e3d-4aaa-9acf-cc652d8dd32a",
          "title": "Navigation & Gesture Testing",
          "fullFile": "C:\\Users\\HP\\Downloads\\localseva\\mobile-e2e-framework\\tests\\navigation.test.js",
          "file": "\\tests\\navigation.test.js",
          "beforeHooks": [
            {
              "title": "\"before each\" hook in \"Navigation & Gesture Testing\"",
              "fullTitle": "Navigation & Gesture Testing \"before each\" hook in \"Navigation & Gesture Testing\"",
              "timedOut": false,
              "duration": 0,
              "state": null,
              "speed": null,
              "pass": false,
              "fail": false,
              "pending": false,
              "context": null,
              "code": "basePage = new BasePage(global.driver);",
              "err": {},
              "uuid": "1d4f3521-efa9-49b7-a436-24e38c9a408d",
              "parentUUID": "86e1ebf0-4e3d-4aaa-9acf-cc652d8dd32a",
              "isHook": true,
              "skipped": false
            }
          ],
          "afterHooks": [],
          "tests": [
            {
              "title": "Navigate to Home via Bottom Nav",
              "fullTitle": "Navigation & Gesture Testing Navigate to Home via Bottom Nav",
              "timedOut": false,
              "duration": 4,
              "state": "passed",
              "speed": "fast",
              "pass": true,
              "fail": false,
              "pending": false,
              "context": null,
              "code": "await basePage.click('~nav_home');\nconst text = await basePage.getText('~screen_title');\nexpect(text).to.include('Home Screen');",
              "err": {},
              "uuid": "d50a2f2f-10ea-417b-a73d-89aaf03599df",
              "parentUUID": "86e1ebf0-4e3d-4aaa-9acf-cc652d8dd32a",
              "isHook": false,
              "skipped": false
            },
            {
              "title": "Navigate to Profile via Bottom Nav",
              "fullTitle": "Navigation & Gesture Testing Navigate to Profile via Bottom Nav",
              "timedOut": false,
              "duration": 2,
              "state": "passed",
              "speed": "fast",
              "pass": true,
              "fail": false,
              "pending": false,
              "context": null,
              "code": "await basePage.click('~nav_profile');\nconst text = await basePage.getText('~screen_title');\nexpect(text).to.include('Profile Screen');",
              "err": {},
              "uuid": "fe58d1b4-a945-4da6-b093-8a57b32c7620",
              "parentUUID": "86e1ebf0-4e3d-4aaa-9acf-cc652d8dd32a",
              "isHook": false,
              "skipped": false
            },
            {
              "title": "Navigate to Settings via Bottom Nav",
              "fullTitle": "Navigation & Gesture Testing Navigate to Settings via Bottom Nav",
              "timedOut": false,
              "duration": 2,
              "state": "passed",
              "speed": "fast",
              "pass": true,
              "fail": false,
              "pending": false,
              "context": null,
              "code": "await basePage.click('~nav_settings');\nconst text = await basePage.getText('~screen_title');\nexpect(text).to.include('Settings Screen');",
              "err": {},
              "uuid": "b2980b75-b7cc-4b46-a694-6eb30bc22b5f",
              "parentUUID": "86e1ebf0-4e3d-4aaa-9acf-cc652d8dd32a",
              "isHook": false,
              "skipped": false
            },
            {
              "title": "Open Navigation Drawer",
              "fullTitle": "Navigation & Gesture Testing Open Navigation Drawer",
              "timedOut": false,
              "duration": 1,
              "state": "passed",
              "speed": "fast",
              "pass": true,
              "fail": false,
              "pending": false,
              "context": null,
              "code": "await basePage.click('~hamburger_menu');\nconst text = await basePage.getText('~drawer_state');\nexpect(text).to.include('Drawer Opened');",
              "err": {},
              "uuid": "f5781ffe-ade4-4524-aab5-0e60b1b0fd44",
              "parentUUID": "86e1ebf0-4e3d-4aaa-9acf-cc652d8dd32a",
              "isHook": false,
              "skipped": false
            },
            {
              "title": "Close Navigation Drawer",
              "fullTitle": "Navigation & Gesture Testing Close Navigation Drawer",
              "timedOut": false,
              "duration": 1,
              "state": "passed",
              "speed": "fast",
              "pass": true,
              "fail": false,
              "pending": false,
              "context": null,
              "code": "await basePage.click('~close_drawer');\nconst text = await basePage.getText('~drawer_state');\nexpect(text).to.include('Drawer Closed');",
              "err": {},
              "uuid": "025e8704-2c87-4d99-8245-84be0f1bc810",
              "parentUUID": "86e1ebf0-4e3d-4aaa-9acf-cc652d8dd32a",
              "isHook": false,
              "skipped": false
            },
            {
              "title": "Switch to Tab 1",
              "fullTitle": "Navigation & Gesture Testing Switch to Tab 1",
              "timedOut": false,
              "duration": 2,
              "state": "passed",
              "speed": "fast",
              "pass": true,
              "fail": false,
              "pending": false,
              "context": null,
              "code": "await basePage.click('~tab_1');\nconst text = await basePage.getText('~tab_content');\nexpect(text).to.include('Tab 1 Active');",
              "err": {},
              "uuid": "483fd706-a8e4-4628-81c4-4b2e7a1a06b9",
              "parentUUID": "86e1ebf0-4e3d-4aaa-9acf-cc652d8dd32a",
              "isHook": false,
              "skipped": false
            },
            {
              "title": "Switch to Tab 2",
              "fullTitle": "Navigation & Gesture Testing Switch to Tab 2",
              "timedOut": false,
              "duration": 2,
              "state": "passed",
              "speed": "fast",
              "pass": true,
              "fail": false,
              "pending": false,
              "context": null,
              "code": "await basePage.click('~tab_2');\nconst text = await basePage.getText('~tab_content');\nexpect(text).to.include('Tab 2 Active');",
              "err": {},
              "uuid": "e4360dcb-657f-4a3a-b379-1222532ca870",
              "parentUUID": "86e1ebf0-4e3d-4aaa-9acf-cc652d8dd32a",
              "isHook": false,
              "skipped": false
            }
          ],
          "suites": [],
          "passes": [
            "d50a2f2f-10ea-417b-a73d-89aaf03599df",
            "fe58d1b4-a945-4da6-b093-8a57b32c7620",
            "b2980b75-b7cc-4b46-a694-6eb30bc22b5f",
            "f5781ffe-ade4-4524-aab5-0e60b1b0fd44",
            "025e8704-2c87-4d99-8245-84be0f1bc810",
            "483fd706-a8e4-4628-81c4-4b2e7a1a06b9",
            "e4360dcb-657f-4a3a-b379-1222532ca870"
          ],
          "failures": [],
          "pending": [],
          "skipped": [],
          "duration": 14,
          "root": false,
          "rootEmpty": false,
          "_timeout": 60000
        },
        {
          "uuid": "1c3380de-615f-4784-9dca-4ee7c9161416",
          "title": "Extended Mobile UI Testing",
          "fullFile": "C:\\Users\\HP\\Downloads\\localseva\\mobile-e2e-framework\\tests\\uiElements.test.js",
          "file": "\\tests\\uiElements.test.js",
          "beforeHooks": [
            {
              "title": "\"before each\" hook in \"Extended Mobile UI Testing\"",
              "fullTitle": "Extended Mobile UI Testing \"before each\" hook in \"Extended Mobile UI Testing\"",
              "timedOut": false,
              "duration": 0,
              "state": null,
              "speed": null,
              "pass": false,
              "fail": false,
              "pending": false,
              "context": null,
              "code": "basePage = new BasePage(global.driver);",
              "err": {},
              "uuid": "0f48ea94-df21-464b-8b6d-8ecd924d9597",
              "parentUUID": "1c3380de-615f-4784-9dca-4ee7c9161416",
              "isHook": true,
              "skipped": false
            }
          ],
          "afterHooks": [],
          "tests": [
            {
              "title": "Validate Buttons Clickable",
              "fullTitle": "Extended Mobile UI Testing Validate Buttons Clickable",
              "timedOut": false,
              "duration": 2,
              "state": "passed",
              "speed": "fast",
              "pass": true,
              "fail": false,
              "pending": false,
              "context": null,
              "code": "await basePage.click('~sample_button');\nexpect(true).to.be.true; // Mock click passes",
              "err": {},
              "uuid": "0798ea9c-a6cb-48ce-b57c-308b9f51ad28",
              "parentUUID": "1c3380de-615f-4784-9dca-4ee7c9161416",
              "isHook": false,
              "skipped": false
            },
            {
              "title": "Validate Text Fields Input",
              "fullTitle": "Extended Mobile UI Testing Validate Text Fields Input",
              "timedOut": false,
              "duration": 1,
              "state": "passed",
              "speed": "fast",
              "pass": true,
              "fail": false,
              "pending": false,
              "context": null,
              "code": "await basePage.setValue('~sample_text_field', 'Test Input');\nconst text = await basePage.getText('~sample_text_field');\nexpect(text).to.include('Test Input');",
              "err": {},
              "uuid": "46af3554-68f7-452c-a37e-c5dad74a3d61",
              "parentUUID": "1c3380de-615f-4784-9dca-4ee7c9161416",
              "isHook": false,
              "skipped": false
            },
            {
              "title": "Validate Checkbox Checked State",
              "fullTitle": "Extended Mobile UI Testing Validate Checkbox Checked State",
              "timedOut": false,
              "duration": 2,
              "state": "passed",
              "speed": "fast",
              "pass": true,
              "fail": false,
              "pending": false,
              "context": null,
              "code": "await basePage.click('~checkbox_1');\nconst text = await basePage.getText('~checkbox_status');\nexpect(text).to.include('Checked');",
              "err": {},
              "uuid": "bc9bf30e-2158-4c06-9b30-ef969722c0ae",
              "parentUUID": "1c3380de-615f-4784-9dca-4ee7c9161416",
              "isHook": false,
              "skipped": false
            },
            {
              "title": "Validate Checkbox Unchecked State",
              "fullTitle": "Extended Mobile UI Testing Validate Checkbox Unchecked State",
              "timedOut": false,
              "duration": 1,
              "state": "passed",
              "speed": "fast",
              "pass": true,
              "fail": false,
              "pending": false,
              "context": null,
              "code": "await basePage.click('~checkbox_2');\nconst text = await basePage.getText('~checkbox_status');\nexpect(text).to.include('Unchecked');",
              "err": {},
              "uuid": "336feb3d-59b7-45e3-ab73-8c64c48311f9",
              "parentUUID": "1c3380de-615f-4784-9dca-4ee7c9161416",
              "isHook": false,
              "skipped": false
            },
            {
              "title": "Validate Radio Button Selection",
              "fullTitle": "Extended Mobile UI Testing Validate Radio Button Selection",
              "timedOut": false,
              "duration": 3,
              "state": "passed",
              "speed": "fast",
              "pass": true,
              "fail": false,
              "pending": false,
              "context": null,
              "code": "await basePage.click('~radio_option_A');\nconst text = await basePage.getText('~radio_status');\nexpect(text).to.include('Option A Selected');",
              "err": {},
              "uuid": "1b682863-343e-4e18-9e22-d9caf402c132",
              "parentUUID": "1c3380de-615f-4784-9dca-4ee7c9161416",
              "isHook": false,
              "skipped": false
            },
            {
              "title": "Validate Dropdown Selection",
              "fullTitle": "Extended Mobile UI Testing Validate Dropdown Selection",
              "timedOut": false,
              "duration": 2,
              "state": "passed",
              "speed": "fast",
              "pass": true,
              "fail": false,
              "pending": false,
              "context": null,
              "code": "await basePage.click('~dropdown');\nawait basePage.click('~dropdown_value');\nconst text = await basePage.getText('~dropdown_status');\nexpect(text).to.include('Dropdown Value');",
              "err": {},
              "uuid": "7b1c5040-f654-4eb3-9362-bfc32fc21a12",
              "parentUUID": "1c3380de-615f-4784-9dca-4ee7c9161416",
              "isHook": false,
              "skipped": false
            },
            {
              "title": "Validate RecyclerView Card Tap",
              "fullTitle": "Extended Mobile UI Testing Validate RecyclerView Card Tap",
              "timedOut": false,
              "duration": 2,
              "state": "passed",
              "speed": "fast",
              "pass": true,
              "fail": false,
              "pending": false,
              "context": null,
              "code": "await basePage.click('~recycler_card_1');\nconst text = await basePage.getText('~card_status');\nexpect(text).to.include('Card Tapped');",
              "err": {},
              "uuid": "805a916a-0af7-43d0-abac-e05541680ac2",
              "parentUUID": "1c3380de-615f-4784-9dca-4ee7c9161416",
              "isHook": false,
              "skipped": false
            },
            {
              "title": "Validate Dialog Accept Action",
              "fullTitle": "Extended Mobile UI Testing Validate Dialog Accept Action",
              "timedOut": false,
              "duration": 1,
              "state": "passed",
              "speed": "fast",
              "pass": true,
              "fail": false,
              "pending": false,
              "context": null,
              "code": "await basePage.click('~open_dialog');\nawait basePage.click('~dialog_ok');\nconst text = await basePage.getText('~dialog_status');\nexpect(text).to.include('Dialog Accepted');",
              "err": {},
              "uuid": "384ee7ca-a8b5-4743-8ba1-9b8fa1682e0c",
              "parentUUID": "1c3380de-615f-4784-9dca-4ee7c9161416",
              "isHook": false,
              "skipped": false
            },
            {
              "title": "Validate Dialog Dismiss Action",
              "fullTitle": "Extended Mobile UI Testing Validate Dialog Dismiss Action",
              "timedOut": false,
              "duration": 1,
              "state": "passed",
              "speed": "fast",
              "pass": true,
              "fail": false,
              "pending": false,
              "context": null,
              "code": "await basePage.click('~open_dialog');\nawait basePage.click('~dialog_cancel');\nconst text = await basePage.getText('~dialog_status');\nexpect(text).to.include('Dialog Dismissed');",
              "err": {},
              "uuid": "b955a280-b71b-4ba4-9201-0fabe1ab550d",
              "parentUUID": "1c3380de-615f-4784-9dca-4ee7c9161416",
              "isHook": false,
              "skipped": false
            },
            {
              "title": "Validate Toast Message Appearance",
              "fullTitle": "Extended Mobile UI Testing Validate Toast Message Appearance",
              "timedOut": false,
              "duration": 2,
              "state": "passed",
              "speed": "fast",
              "pass": true,
              "fail": false,
              "pending": false,
              "context": null,
              "code": "await basePage.click('~trigger_toast');\nconst text = await basePage.getText('~toast_container');\nexpect(text).to.include('Toast Message');",
              "err": {},
              "uuid": "f90f4d8e-ac1c-4d2f-b40d-8c33e96ad3c6",
              "parentUUID": "1c3380de-615f-4784-9dca-4ee7c9161416",
              "isHook": false,
              "skipped": false
            },
            {
              "title": "Validate Snackbar Text",
              "fullTitle": "Extended Mobile UI Testing Validate Snackbar Text",
              "timedOut": false,
              "duration": 2,
              "state": "passed",
              "speed": "fast",
              "pass": true,
              "fail": false,
              "pending": false,
              "context": null,
              "code": "await basePage.click('~trigger_snackbar');\nconst text = await basePage.getText('~snackbar_container');\nexpect(text).to.include('Snackbar Text');",
              "err": {},
              "uuid": "63e797da-6557-4175-b382-ce9ba36c7257",
              "parentUUID": "1c3380de-615f-4784-9dca-4ee7c9161416",
              "isHook": false,
              "skipped": false
            },
            {
              "title": "Validate Progress Bar State",
              "fullTitle": "Extended Mobile UI Testing Validate Progress Bar State",
              "timedOut": false,
              "duration": 3,
              "state": "passed",
              "speed": "fast",
              "pass": true,
              "fail": false,
              "pending": false,
              "context": null,
              "code": "const text = await basePage.getText('~progress_bar');\nexpect(text).to.include('Progress 50%');",
              "err": {},
              "uuid": "11ef031e-955b-420b-ad85-0ccdfe5457a1",
              "parentUUID": "1c3380de-615f-4784-9dca-4ee7c9161416",
              "isHook": false,
              "skipped": false
            }
          ],
          "suites": [],
          "passes": [
            "0798ea9c-a6cb-48ce-b57c-308b9f51ad28",
            "46af3554-68f7-452c-a37e-c5dad74a3d61",
            "bc9bf30e-2158-4c06-9b30-ef969722c0ae",
            "336feb3d-59b7-45e3-ab73-8c64c48311f9",
            "1b682863-343e-4e18-9e22-d9caf402c132",
            "7b1c5040-f654-4eb3-9362-bfc32fc21a12",
            "805a916a-0af7-43d0-abac-e05541680ac2",
            "384ee7ca-a8b5-4743-8ba1-9b8fa1682e0c",
            "b955a280-b71b-4ba4-9201-0fabe1ab550d",
            "f90f4d8e-ac1c-4d2f-b40d-8c33e96ad3c6",
            "63e797da-6557-4175-b382-ce9ba36c7257",
            "11ef031e-955b-420b-ad85-0ccdfe5457a1"
          ],
          "failures": [],
          "pending": [],
          "skipped": [],
          "duration": 22,
          "root": false,
          "rootEmpty": false,
          "_timeout": 60000
        }
      ],
      "passes": [],
      "failures": [],
      "pending": [],
      "skipped": [],
      "duration": 0,
      "root": true,
      "rootEmpty": true,
      "_timeout": 60000
    }
  ],
  "meta": {
    "mocha": {
      "version": "10.8.2"
    },
    "mochawesome": {
      "options": {
        "quiet": false,
        "reportFilename": "mochawesome",
        "saveHtml": true,
        "saveJson": true,
        "consoleReporter": "spec",
        "useInlineDiffs": false,
        "code": true
      },
      "version": "7.1.4"
    },
    "marge": {
      "options": null,
      "version": "6.3.2"
    }
  }
}